<?xml version="1.0" encoding="UTF-8"?><testrun duration="164704" footerText="Generated by IntelliJ IDEA on 10/18/24, 6:53 AM" name="All Features in: features">
    <count name="total" value="172"/>
    <count name="failed" value="4"/>
    <count name="passed" value="168"/>
    <config nameIsGenerated="true" configId="CucumberJavaRunConfigurationType" name="All Features in: features">
        <option name="CUCUMBER_CORE_VERSION" value="5"/>
        <option name="FILE_PATH" value="C:/Users/Ahmed/IdeaProjects/MavenSeleniumCucumber/src/main/resources/features"/>
        <option name="GLUE" value="StepDefinitions"/>
        <option name="MAIN_CLASS_NAME" value="io.cucumber.core.cli.Main"/>
        <module name="DEPI_Project"/>
        <option name="PROGRAM_PARAMETERS" value=" --plugin org.jetbrains.plugins.cucumber.java.run.CucumberJvm5SMFormatter"/>
        <option name="SUGGESTED_NAME" value="All Features in: features"/>
        <option name="WORKING_DIRECTORY" value="$MODULE_WORKING_DIR$"/>
        <extension name="coverage">
            <pattern>
                <option name="PATTERN" value="io.cucumber.core.cli.*"/>
                <option name="ENABLED" value="true"/>
            </pattern>
        </extension>
        <method v="2">
            <option name="Make" enabled="true"/>
        </method>
    </config>
    <suite duration="164704" name="Cucumber" status="failed">
        <suite duration="26530" locationUrl="file:///C:/Users/Ahmed/IdeaProjects/MavenSeleniumCucumber/src/main/resources/features/AccountPage.feature:1" name="Account page functionality" status="failed">
            <suite duration="15378" locationUrl="file:///C:/Users/Ahmed/IdeaProjects/MavenSeleniumCucumber/src/main/resources/features/AccountPage.feature:5" name="Logged user could change his password" status="failed">
                <test duration="1307" locationUrl="java:test://StepDefinitions.Hooks/openBrowser" name="Before(openBrowser)" status="passed">
                    <output type="stderr">SLF4J(W): No SLF4J providers were found.
SLF4J(W): Defaulting to no-operation (NOP) logger implementation
SLF4J(W): See https://www.slf4j.org/codes.html#noProviders for further details.
</output>
                </test>
                <test duration="3728" locationUrl="file:///C:/Users/Ahmed/IdeaProjects/MavenSeleniumCucumber/src/main/resources/features/AccountPage.feature:6" name="user login" status="passed"/>
                <test duration="2" locationUrl="file:///C:/Users/Ahmed/IdeaProjects/MavenSeleniumCucumber/src/main/resources/features/AccountPage.feature:7" name="user changes password and clicks continue" status="passed"/>
                <test duration="10211" locationUrl="file:///C:/Users/Ahmed/IdeaProjects/MavenSeleniumCucumber/src/main/resources/features/AccountPage.feature:8" name="Password should be changed successfully" status="failed">
                    <output type="stderr">Step failedorg.openqa.selenium.TimeoutException: Expected condition failed: waiting for visibility of element located by By.xpath: //div[@class='alert alert-success'] (tried for 10 second(s) with 500 milliseconds interval)
Build info: version: '4.25.0', revision: '8a8aea2337'
System info: os.name: 'Windows 10', os.arch: 'amd64', os.version: '10.0', java.version: '21.0.3'
Driver info: org.openqa.selenium.chrome.ChromeDriver
Capabilities {acceptInsecureCerts: false, browserName: chrome, browserVersion: 129.0.6668.90, chrome: {chromedriverVersion: 129.0.6668.100 (cf58cba358d..., userDataDir: C:\Users\Ahmed\AppData\Loca...}, fedcm:accounts: true, goog:chromeOptions: {debuggerAddress: localhost:57852}, networkConnectionEnabled: false, pageLoadStrategy: normal, platformName: windows, proxy: Proxy(), se:cdp: ws://localhost:57852/devtoo..., se:cdpVersion: 129.0.6668.90, setWindowRect: true, strictFileInteractability: false, timeouts: {implicit: 0, pageLoad: 300000, script: 30000}, unhandledPromptBehavior: dismiss and notify, webauthn:extension:credBlob: true, webauthn:extension:largeBlob: true, webauthn:extension:minPinLength: true, webauthn:extension:prf: true, webauthn:virtualAuthenticators: true}
Session ID: c26ae1344775c94a3bac5a3f1dbcff6a&#13;
	at org.openqa.selenium.support.ui.WebDriverWait.timeoutException(WebDriverWait.java:84)&#13;
	at org.openqa.selenium.support.ui.FluentWait.until(FluentWait.java:228)&#13;
	at Pages.AccountPage.PasswordChangedSuccessfully(AccountPage.java:53)&#13;
	at StepDefinitions.AccountPageStepDef.passwordShouldBeChangedSuccessfully(AccountPageStepDef.java:40)&#13;
	at ✽.Password should be changed successfully(file:///C:/Users/Ahmed/IdeaProjects/MavenSeleniumCucumber/src/main/resources/features/AccountPage.feature:8)&#13;
</output>
                </test>
                <test duration="130" locationUrl="java:test://StepDefinitions.Hooks/closeBrowser" name="After(closeBrowser)" status="passed"/>
            </suite>
            <suite duration="5820" locationUrl="file:///C:/Users/Ahmed/IdeaProjects/MavenSeleniumCucumber/src/main/resources/features/AccountPage.feature:11" name="change his account information with existing Email" status="passed">
                <test duration="641" locationUrl="java:test://StepDefinitions.Hooks/openBrowser" name="Before(openBrowser)" status="passed"/>
                <test duration="3636" locationUrl="file:///C:/Users/Ahmed/IdeaProjects/MavenSeleniumCucumber/src/main/resources/features/AccountPage.feature:12" name="user login" status="passed"/>
                <test duration="1346" locationUrl="file:///C:/Users/Ahmed/IdeaProjects/MavenSeleniumCucumber/src/main/resources/features/AccountPage.feature:13" name="user changes account information with existing Email" status="passed"/>
                <test duration="47" locationUrl="file:///C:/Users/Ahmed/IdeaProjects/MavenSeleniumCucumber/src/main/resources/features/AccountPage.feature:14" name="Ensure that appropriate error message is displayed" status="passed"/>
                <test duration="150" locationUrl="java:test://StepDefinitions.Hooks/closeBrowser" name="After(closeBrowser)" status="passed"/>
            </suite>
            <suite duration="5332" locationUrl="file:///C:/Users/Ahmed/IdeaProjects/MavenSeleniumCucumber/src/main/resources/features/AccountPage.feature:17" name="verify that the user could Sees items in Product Returns" status="passed">
                <test duration="629" locationUrl="java:test://StepDefinitions.Hooks/openBrowser" name="Before(openBrowser)" status="passed"/>
                <test duration="3859" locationUrl="file:///C:/Users/Ahmed/IdeaProjects/MavenSeleniumCucumber/src/main/resources/features/AccountPage.feature:18" name="user login" status="passed"/>
                <test duration="333" locationUrl="file:///C:/Users/Ahmed/IdeaProjects/MavenSeleniumCucumber/src/main/resources/features/AccountPage.feature:19" name="user navigates to account page and clicks on return" status="passed"/>
                <test duration="341" locationUrl="file:///C:/Users/Ahmed/IdeaProjects/MavenSeleniumCucumber/src/main/resources/features/AccountPage.feature:20" name="User clicks view items and continue" status="passed"/>
                <test duration="42" locationUrl="file:///C:/Users/Ahmed/IdeaProjects/MavenSeleniumCucumber/src/main/resources/features/AccountPage.feature:21" name="User should see items in product returns" status="passed"/>
                <test duration="128" locationUrl="java:test://StepDefinitions.Hooks/closeBrowser" name="After(closeBrowser)" status="passed"/>
            </suite>
        </suite>
        <suite duration="43214" locationUrl="file:///C:/Users/Ahmed/IdeaProjects/MavenSeleniumCucumber/src/main/resources/features/AddItems_TC9_10_11_12.feature:1" name="Add Items and Checkout Functionality" status="failed">
            <suite duration="6510" locationUrl="file:///C:/Users/Ahmed/IdeaProjects/MavenSeleniumCucumber/src/main/resources/features/AddItems_TC9_10_11_12.feature:4" name="Add Items To Wishlist then delete them" status="passed">
                <test duration="630" locationUrl="java:test://StepDefinitions.Hooks/openBrowser" name="Before(openBrowser)" status="passed"/>
                <test duration="3932" locationUrl="file:///C:/Users/Ahmed/IdeaProjects/MavenSeleniumCucumber/src/main/resources/features/AddItems_TC9_10_11_12.feature:5" name="user login" status="passed"/>
                <test duration="1207" locationUrl="file:///C:/Users/Ahmed/IdeaProjects/MavenSeleniumCucumber/src/main/resources/features/AddItems_TC9_10_11_12.feature:6" name="user adds items to wishlist" status="passed"/>
                <test duration="24" locationUrl="file:///C:/Users/Ahmed/IdeaProjects/MavenSeleniumCucumber/src/main/resources/features/AddItems_TC9_10_11_12.feature:7" name="user should be able to see items in wishlist" status="passed"/>
                <test duration="553" locationUrl="file:///C:/Users/Ahmed/IdeaProjects/MavenSeleniumCucumber/src/main/resources/features/AddItems_TC9_10_11_12.feature:8" name="user should be able to delete items from wishlist" status="passed"/>
                <test duration="26" locationUrl="file:///C:/Users/Ahmed/IdeaProjects/MavenSeleniumCucumber/src/main/resources/features/AddItems_TC9_10_11_12.feature:9" name="virify that items are deleted from wishlist" status="passed"/>
                <test duration="138" locationUrl="java:test://StepDefinitions.Hooks/closeBrowser" name="After(closeBrowser)" status="passed"/>
            </suite>
            <suite duration="6659" locationUrl="file:///C:/Users/Ahmed/IdeaProjects/MavenSeleniumCucumber/src/main/resources/features/AddItems_TC9_10_11_12.feature:13" name="Add Items To Compare List then delete them" status="passed">
                <test duration="586" locationUrl="java:test://StepDefinitions.Hooks/openBrowser" name="Before(openBrowser)" status="passed"/>
                <test duration="3972" locationUrl="file:///C:/Users/Ahmed/IdeaProjects/MavenSeleniumCucumber/src/main/resources/features/AddItems_TC9_10_11_12.feature:14" name="user login" status="passed"/>
                <test duration="1325" locationUrl="file:///C:/Users/Ahmed/IdeaProjects/MavenSeleniumCucumber/src/main/resources/features/AddItems_TC9_10_11_12.feature:15" name="user adds items to compare list" status="passed"/>
                <test duration="46" locationUrl="file:///C:/Users/Ahmed/IdeaProjects/MavenSeleniumCucumber/src/main/resources/features/AddItems_TC9_10_11_12.feature:16" name="user should be able to see items in compare list" status="passed"/>
                <test duration="565" locationUrl="file:///C:/Users/Ahmed/IdeaProjects/MavenSeleniumCucumber/src/main/resources/features/AddItems_TC9_10_11_12.feature:17" name="user should be able to delete items from compare list" status="passed"/>
                <test duration="25" locationUrl="file:///C:/Users/Ahmed/IdeaProjects/MavenSeleniumCucumber/src/main/resources/features/AddItems_TC9_10_11_12.feature:18" name="virify that items are deleted from compare list" status="passed"/>
                <test duration="140" locationUrl="java:test://StepDefinitions.Hooks/closeBrowser" name="After(closeBrowser)" status="passed"/>
            </suite>
            <suite duration="5670" locationUrl="file:///C:/Users/Ahmed/IdeaProjects/MavenSeleniumCucumber/src/main/resources/features/AddItems_TC9_10_11_12.feature:22" name="Add Items To the shopping cart then delete them" status="passed">
                <test duration="632" locationUrl="java:test://StepDefinitions.Hooks/openBrowser" name="Before(openBrowser)" status="passed"/>
                <test duration="3730" locationUrl="file:///C:/Users/Ahmed/IdeaProjects/MavenSeleniumCucumber/src/main/resources/features/AddItems_TC9_10_11_12.feature:23" name="user login" status="passed"/>
                <test duration="677" locationUrl="file:///C:/Users/Ahmed/IdeaProjects/MavenSeleniumCucumber/src/main/resources/features/AddItems_TC9_10_11_12.feature:24" name="user adds items to shipping cart" status="passed"/>
                <test duration="410" locationUrl="file:///C:/Users/Ahmed/IdeaProjects/MavenSeleniumCucumber/src/main/resources/features/AddItems_TC9_10_11_12.feature:25" name="user should be able to see items in shipping cart" status="passed"/>
                <test duration="58" locationUrl="file:///C:/Users/Ahmed/IdeaProjects/MavenSeleniumCucumber/src/main/resources/features/AddItems_TC9_10_11_12.feature:26" name="user should be able to delete items from shipping cart" status="passed"/>
                <test duration="26" locationUrl="file:///C:/Users/Ahmed/IdeaProjects/MavenSeleniumCucumber/src/main/resources/features/AddItems_TC9_10_11_12.feature:27" name="virify that items are deleted from shipping cart" status="passed"/>
                <test duration="137" locationUrl="java:test://StepDefinitions.Hooks/closeBrowser" name="After(closeBrowser)" status="passed"/>
            </suite>
            <suite duration="6039" locationUrl="file:///C:/Users/Ahmed/IdeaProjects/MavenSeleniumCucumber/src/main/resources/features/AddItems_TC9_10_11_12.feature:30" name="Verify that the cart icon updates with the item count" status="passed">
                <test duration="625" locationUrl="java:test://StepDefinitions.Hooks/openBrowser" name="Before(openBrowser)" status="passed"/>
                <test duration="3386" locationUrl="file:///C:/Users/Ahmed/IdeaProjects/MavenSeleniumCucumber/src/main/resources/features/AddItems_TC9_10_11_12.feature:31" name="user login" status="passed"/>
                <test duration="637" locationUrl="file:///C:/Users/Ahmed/IdeaProjects/MavenSeleniumCucumber/src/main/resources/features/AddItems_TC9_10_11_12.feature:32" name="user adds items to shipping cart" status="passed"/>
                <test duration="558" locationUrl="file:///C:/Users/Ahmed/IdeaProjects/MavenSeleniumCucumber/src/main/resources/features/AddItems_TC9_10_11_12.feature:33" name="user should be able to see items in shipping cart" status="passed"/>
                <test duration="689" locationUrl="file:///C:/Users/Ahmed/IdeaProjects/MavenSeleniumCucumber/src/main/resources/features/AddItems_TC9_10_11_12.feature:34" name="User updates the quantity count" status="passed"/>
                <test duration="51" locationUrl="file:///C:/Users/Ahmed/IdeaProjects/MavenSeleniumCucumber/src/main/resources/features/AddItems_TC9_10_11_12.feature:35" name="virify that the cart icon updates with the item count" status="passed"/>
                <test duration="93" locationUrl="java:test://StepDefinitions.Hooks/closeBrowser" name="After(closeBrowser)" status="passed"/>
            </suite>
            <suite duration="13174" locationUrl="file:///C:/Users/Ahmed/IdeaProjects/MavenSeleniumCucumber/src/main/resources/features/AddItems_TC9_10_11_12.feature:38" name="Verify that the cart is emptied after the order is placed" status="failed">
                <test duration="674" locationUrl="java:test://StepDefinitions.Hooks/openBrowser" name="Before(openBrowser)" status="passed"/>
                <test duration="3948" locationUrl="file:///C:/Users/Ahmed/IdeaProjects/MavenSeleniumCucumber/src/main/resources/features/AddItems_TC9_10_11_12.feature:39" name="user login" status="passed"/>
                <test duration="685" locationUrl="file:///C:/Users/Ahmed/IdeaProjects/MavenSeleniumCucumber/src/main/resources/features/AddItems_TC9_10_11_12.feature:40" name="user adds items to shipping cart" status="passed"/>
                <test duration="613" locationUrl="file:///C:/Users/Ahmed/IdeaProjects/MavenSeleniumCucumber/src/main/resources/features/AddItems_TC9_10_11_12.feature:41" name="user clicks on checkout button" status="passed"/>
                <test duration="5051" locationUrl="file:///C:/Users/Ahmed/IdeaProjects/MavenSeleniumCucumber/src/main/resources/features/AddItems_TC9_10_11_12.feature:43" name="user clicks on continue button for second time order" status="passed"/>
                <test duration="2022" locationUrl="file:///C:/Users/Ahmed/IdeaProjects/MavenSeleniumCucumber/src/main/resources/features/AddItems_TC9_10_11_12.feature:44" name="the cart should be emptied" status="failed">
                    <output type="stderr">Step failedjava.lang.AssertionError: expected [Your shopping cart is empty!] but found []&#13;
	at org.testng.Assert.fail(Assert.java:111)&#13;
	at org.testng.Assert.failNotEquals(Assert.java:1578)&#13;
	at org.testng.Assert.assertEqualsImpl(Assert.java:150)&#13;
	at org.testng.Assert.assertEquals(Assert.java:132)&#13;
	at org.testng.Assert.assertEquals(Assert.java:656)&#13;
	at org.testng.Assert.assertEquals(Assert.java:666)&#13;
	at Pages.AddItemsAndCheckout.verifyTheCartIsEmpty(AddItemsAndCheckout.java:131)&#13;
	at StepDefinitions.AddItemsAndCheckoutStepDef.theCartShouldBeEmptied(AddItemsAndCheckoutStepDef.java:104)&#13;
	at ✽.the cart should be emptied(file:///C:/Users/Ahmed/IdeaProjects/MavenSeleniumCucumber/src/main/resources/features/AddItems_TC9_10_11_12.feature:44)&#13;
</output>
                </test>
                <test duration="181" locationUrl="java:test://StepDefinitions.Hooks/closeBrowser" name="After(closeBrowser)" status="passed"/>
            </suite>
            <suite duration="5162" locationUrl="file:///C:/Users/Ahmed/IdeaProjects/MavenSeleniumCucumber/src/main/resources/features/AddItems_TC9_10_11_12.feature:47" name="Test the &quot;Continue Shopping&quot; button in the cart" status="passed">
                <test duration="669" locationUrl="java:test://StepDefinitions.Hooks/openBrowser" name="Before(openBrowser)" status="passed"/>
                <test duration="3536" locationUrl="file:///C:/Users/Ahmed/IdeaProjects/MavenSeleniumCucumber/src/main/resources/features/AddItems_TC9_10_11_12.feature:48" name="user login" status="passed"/>
                <test duration="392" locationUrl="file:///C:/Users/Ahmed/IdeaProjects/MavenSeleniumCucumber/src/main/resources/features/AddItems_TC9_10_11_12.feature:49" name="user clicks on shopping cart button" status="passed"/>
                <test duration="406" locationUrl="file:///C:/Users/Ahmed/IdeaProjects/MavenSeleniumCucumber/src/main/resources/features/AddItems_TC9_10_11_12.feature:50" name="user clicks on continue shopping button" status="passed"/>
                <test duration="0" locationUrl="file:///C:/Users/Ahmed/IdeaProjects/MavenSeleniumCucumber/src/main/resources/features/AddItems_TC9_10_11_12.feature:51" name="user should be navigated to home page" status="passed"/>
                <test duration="159" locationUrl="java:test://StepDefinitions.Hooks/closeBrowser" name="After(closeBrowser)" status="passed"/>
            </suite>
        </suite>
        <suite duration="15961" locationUrl="file:///C:/Users/Ahmed/IdeaProjects/MavenSeleniumCucumber/src/main/resources/features/Categories_TC6_7_8.feature:1" name="Verify Categories Functionality" status="passed">
            <suite duration="5376" locationUrl="file:///C:/Users/Ahmed/IdeaProjects/MavenSeleniumCucumber/src/main/resources/features/Categories_TC6_7_8.feature:4" name="Select Main and Sub Categories Randomly" status="passed">
                <test duration="621" locationUrl="java:test://StepDefinitions.Hooks/openBrowser" name="Before(openBrowser)" status="passed"/>
                <test duration="3555" locationUrl="file:///C:/Users/Ahmed/IdeaProjects/MavenSeleniumCucumber/src/main/resources/features/Categories_TC6_7_8.feature:5" name="user login" status="passed"/>
                <test duration="323" locationUrl="file:///C:/Users/Ahmed/IdeaProjects/MavenSeleniumCucumber/src/main/resources/features/Categories_TC6_7_8.feature:6" name="user navigates to home page" status="passed"/>
                <test duration="621" locationUrl="file:///C:/Users/Ahmed/IdeaProjects/MavenSeleniumCucumber/src/main/resources/features/Categories_TC6_7_8.feature:7" name="user selects random main category" status="passed"/>
                <test duration="81" locationUrl="file:///C:/Users/Ahmed/IdeaProjects/MavenSeleniumCucumber/src/main/resources/features/Categories_TC6_7_8.feature:8" name="user selects random subcategory" status="passed"/>
                <test duration="12" locationUrl="file:///C:/Users/Ahmed/IdeaProjects/MavenSeleniumCucumber/src/main/resources/features/Categories_TC6_7_8.feature:9" name="user should navigate to subcategory page" status="passed"/>
                <test duration="163" locationUrl="java:test://StepDefinitions.Hooks/closeBrowser" name="After(closeBrowser)" status="passed"/>
            </suite>
            <suite duration="4893" locationUrl="file:///C:/Users/Ahmed/IdeaProjects/MavenSeleniumCucumber/src/main/resources/features/Categories_TC6_7_8.feature:12" name="Hover Main and Sub Categories Randomly" status="passed">
                <test duration="623" locationUrl="java:test://StepDefinitions.Hooks/openBrowser" name="Before(openBrowser)" status="passed"/>
                <test duration="3466" locationUrl="file:///C:/Users/Ahmed/IdeaProjects/MavenSeleniumCucumber/src/main/resources/features/Categories_TC6_7_8.feature:13" name="user login" status="passed"/>
                <test duration="303" locationUrl="file:///C:/Users/Ahmed/IdeaProjects/MavenSeleniumCucumber/src/main/resources/features/Categories_TC6_7_8.feature:14" name="user navigates to home page" status="passed"/>
                <test duration="186" locationUrl="file:///C:/Users/Ahmed/IdeaProjects/MavenSeleniumCucumber/src/main/resources/features/Categories_TC6_7_8.feature:15" name="user hovers on random main category" status="passed"/>
                <test duration="151" locationUrl="file:///C:/Users/Ahmed/IdeaProjects/MavenSeleniumCucumber/src/main/resources/features/Categories_TC6_7_8.feature:16" name="user hovers on random subcategory" status="passed"/>
                <test duration="29" locationUrl="file:///C:/Users/Ahmed/IdeaProjects/MavenSeleniumCucumber/src/main/resources/features/Categories_TC6_7_8.feature:17" name="The hover actions should be successful" status="passed"/>
                <test duration="135" locationUrl="java:test://StepDefinitions.Hooks/closeBrowser" name="After(closeBrowser)" status="passed"/>
            </suite>
            <suite duration="5692" locationUrl="file:///C:/Users/Ahmed/IdeaProjects/MavenSeleniumCucumber/src/main/resources/features/Categories_TC6_7_8.feature:20" name="Logged Users Can Select Different Categories" status="passed">
                <test duration="627" locationUrl="java:test://StepDefinitions.Hooks/openBrowser" name="Before(openBrowser)" status="passed"/>
                <test duration="3625" locationUrl="file:///C:/Users/Ahmed/IdeaProjects/MavenSeleniumCucumber/src/main/resources/features/Categories_TC6_7_8.feature:21" name="user login" status="passed"/>
                <test duration="309" locationUrl="file:///C:/Users/Ahmed/IdeaProjects/MavenSeleniumCucumber/src/main/resources/features/Categories_TC6_7_8.feature:22" name="user navigates to home page" status="passed"/>
                <test duration="598" locationUrl="file:///C:/Users/Ahmed/IdeaProjects/MavenSeleniumCucumber/src/main/resources/features/Categories_TC6_7_8.feature:23" name="user selects random main category" status="passed"/>
                <test duration="375" locationUrl="file:///C:/Users/Ahmed/IdeaProjects/MavenSeleniumCucumber/src/main/resources/features/Categories_TC6_7_8.feature:24" name="user selects random subcategory" status="passed"/>
                <test duration="158" locationUrl="java:test://StepDefinitions.Hooks/closeBrowser" name="After(closeBrowser)" status="passed"/>
            </suite>
        </suite>
        <suite duration="16679" locationUrl="file:///C:/Users/Ahmed/IdeaProjects/MavenSeleniumCucumber/src/main/resources/features/Chechout.feature:1" name="checkout functionality" status="passed">
            <suite duration="11746" locationUrl="file:///C:/Users/Ahmed/IdeaProjects/MavenSeleniumCucumber/src/main/resources/features/Chechout.feature:4" name="Create an order with a successful payment (happy scenario)" status="passed">
                <test duration="623" locationUrl="java:test://StepDefinitions.Hooks/openBrowser" name="Before(openBrowser)" status="passed"/>
                <test duration="3556" locationUrl="file:///C:/Users/Ahmed/IdeaProjects/MavenSeleniumCucumber/src/main/resources/features/Chechout.feature:5" name="user login" status="passed"/>
                <test duration="675" locationUrl="file:///C:/Users/Ahmed/IdeaProjects/MavenSeleniumCucumber/src/main/resources/features/Chechout.feature:6" name="user adds items to shipping cart" status="passed"/>
                <test duration="622" locationUrl="file:///C:/Users/Ahmed/IdeaProjects/MavenSeleniumCucumber/src/main/resources/features/Chechout.feature:7" name="user clicks on checkout button" status="passed"/>
                <test duration="5056" locationUrl="file:///C:/Users/Ahmed/IdeaProjects/MavenSeleniumCucumber/src/main/resources/features/Chechout.feature:9" name="user clicks on continue button for second time order" status="passed"/>
                <test duration="1061" locationUrl="file:///C:/Users/Ahmed/IdeaProjects/MavenSeleniumCucumber/src/main/resources/features/Chechout.feature:10" name="order should be created successfully" status="passed"/>
                <test duration="153" locationUrl="java:test://StepDefinitions.Hooks/closeBrowser" name="After(closeBrowser)" status="passed"/>
            </suite>
            <suite duration="4933" locationUrl="file:///C:/Users/Ahmed/IdeaProjects/MavenSeleniumCucumber/src/main/resources/features/Chechout.feature:13" name="Test cart functionality with guest users" status="passed">
                <test duration="625" locationUrl="java:test://StepDefinitions.Hooks/openBrowser" name="Before(openBrowser)" status="passed"/>
                <test duration="2163" locationUrl="file:///C:/Users/Ahmed/IdeaProjects/MavenSeleniumCucumber/src/main/resources/features/Chechout.feature:14" name="user navigates to home page" status="passed"/>
                <test duration="741" locationUrl="file:///C:/Users/Ahmed/IdeaProjects/MavenSeleniumCucumber/src/main/resources/features/Chechout.feature:15" name="user adds items to shipping cart" status="passed"/>
                <test duration="608" locationUrl="file:///C:/Users/Ahmed/IdeaProjects/MavenSeleniumCucumber/src/main/resources/features/Chechout.feature:16" name="user clicks on checkout button" status="passed"/>
                <test duration="658" locationUrl="file:///C:/Users/Ahmed/IdeaProjects/MavenSeleniumCucumber/src/main/resources/features/Chechout.feature:17" name="user select Guest Checkout and continue" status="passed"/>
                <test duration="138" locationUrl="java:test://StepDefinitions.Hooks/closeBrowser" name="After(closeBrowser)" status="passed"/>
            </suite>
        </suite>
        <suite duration="4314" locationUrl="file:///C:/Users/Ahmed/IdeaProjects/MavenSeleniumCucumber/src/main/resources/features/HomePge_TC5.feature:1" name="Home Page features functionality" status="passed">
            <suite duration="4314" locationUrl="file:///C:/Users/Ahmed/IdeaProjects/MavenSeleniumCucumber/src/main/resources/features/HomePge_TC5.feature:4" name="Logged users could switch between currencies(US-Euro)" status="passed">
                <test duration="619" locationUrl="java:test://StepDefinitions.Hooks/openBrowser" name="Before(openBrowser)" status="passed"/>
                <test duration="2143" locationUrl="file:///C:/Users/Ahmed/IdeaProjects/MavenSeleniumCucumber/src/main/resources/features/HomePge_TC5.feature:5" name="user navigates to home page" status="passed"/>
                <test duration="734" locationUrl="file:///C:/Users/Ahmed/IdeaProjects/MavenSeleniumCucumber/src/main/resources/features/HomePge_TC5.feature:6" name="user selects dollar currency" status="passed"/>
                <test duration="638" locationUrl="file:///C:/Users/Ahmed/IdeaProjects/MavenSeleniumCucumber/src/main/resources/features/HomePge_TC5.feature:7" name="user selects euro currency" status="passed"/>
                <test duration="38" locationUrl="file:///C:/Users/Ahmed/IdeaProjects/MavenSeleniumCucumber/src/main/resources/features/HomePge_TC5.feature:8" name="currency should be changed" status="passed"/>
                <test duration="142" locationUrl="java:test://StepDefinitions.Hooks/closeBrowser" name="After(closeBrowser)" status="passed"/>
            </suite>
        </suite>
        <suite duration="15120" locationUrl="file:///C:/Users/Ahmed/IdeaProjects/MavenSeleniumCucumber/src/main/resources/features/Register_TC2.feature:1" name="test Registration Functionality" status="failed">
            <suite duration="5122" locationUrl="file:///C:/Users/Ahmed/IdeaProjects/MavenSeleniumCucumber/src/main/resources/features/Register_TC2.feature:4" name="Test registration with a pre-existing email or username." status="passed">
                <test duration="621" locationUrl="java:test://StepDefinitions.Hooks/openBrowser" name="Before(openBrowser)" status="passed"/>
                <test duration="3111" locationUrl="file:///C:/Users/Ahmed/IdeaProjects/MavenSeleniumCucumber/src/main/resources/features/Register_TC2.feature:6" name="user open browser and navigates to register page" status="passed"/>
                <test duration="758" locationUrl="file:///C:/Users/Ahmed/IdeaProjects/MavenSeleniumCucumber/src/main/resources/features/Register_TC2.feature:7" name="User enters valid details" status="passed"/>
                <test duration="52" locationUrl="file:///C:/Users/Ahmed/IdeaProjects/MavenSeleniumCucumber/src/main/resources/features/Register_TC2.feature:8" name="User accepts terms and conditions" status="passed"/>
                <test duration="390" locationUrl="file:///C:/Users/Ahmed/IdeaProjects/MavenSeleniumCucumber/src/main/resources/features/Register_TC2.feature:9" name="User submits the registration form" status="passed"/>
                <test duration="62" locationUrl="file:///C:/Users/Ahmed/IdeaProjects/MavenSeleniumCucumber/src/main/resources/features/Register_TC2.feature:10" name="User should see an appropriate error message" status="passed"/>
                <test duration="128" locationUrl="java:test://StepDefinitions.Hooks/closeBrowser" name="After(closeBrowser)" status="passed"/>
            </suite>
            <suite duration="5052" locationUrl="file:///C:/Users/Ahmed/IdeaProjects/MavenSeleniumCucumber/src/main/resources/features/Register_TC2.feature:13" name="User register with invalid credentials" status="passed">
                <suite duration="5052" locationUrl="file:///C:/Users/Ahmed/IdeaProjects/MavenSeleniumCucumber/src/main/resources/features/Register_TC2.feature:20" name="Examples" status="passed">
                    <suite duration="5052" locationUrl="file:///C:/Users/Ahmed/IdeaProjects/MavenSeleniumCucumber/src/main/resources/features/Register_TC2.feature:22" name="Example #1.1" status="passed">
                        <test duration="665" locationUrl="java:test://StepDefinitions.Hooks/openBrowser" name="Before(openBrowser)" status="passed"/>
                        <test duration="3066" locationUrl="file:///C:/Users/Ahmed/IdeaProjects/MavenSeleniumCucumber/src/main/resources/features/Register_TC2.feature:15" name="user open browser and navigates to register page" status="passed"/>
                        <test duration="744" locationUrl="file:///C:/Users/Ahmed/IdeaProjects/MavenSeleniumCucumber/src/main/resources/features/Register_TC2.feature:16" name="User enters invalid details &quot;h4zala1234&quot; and &quot;inva434lid&quot; and &quot;h4zala1234@gmail&quot; and &quot;0502176585&quot; and &quot;inva434lid&quot; and &quot;inva434lid&quot;" status="passed"/>
                        <test duration="50" locationUrl="file:///C:/Users/Ahmed/IdeaProjects/MavenSeleniumCucumber/src/main/resources/features/Register_TC2.feature:17" name="User accepts terms and conditions" status="passed"/>
                        <test duration="371" locationUrl="file:///C:/Users/Ahmed/IdeaProjects/MavenSeleniumCucumber/src/main/resources/features/Register_TC2.feature:18" name="User submits the registration form" status="passed"/>
                        <test duration="12" locationUrl="file:///C:/Users/Ahmed/IdeaProjects/MavenSeleniumCucumber/src/main/resources/features/Register_TC2.feature:19" name="User should see an error message" status="passed"/>
                        <test duration="144" locationUrl="java:test://StepDefinitions.Hooks/closeBrowser" name="After(closeBrowser)" status="passed"/>
                    </suite>
                </suite>
            </suite>
            <suite duration="4946" locationUrl="file:///C:/Users/Ahmed/IdeaProjects/MavenSeleniumCucumber/src/main/resources/features/Register_TC2.feature:25" name="User register with valid credentials" status="failed">
                <test duration="634" locationUrl="java:test://StepDefinitions.Hooks/openBrowser" name="Before(openBrowser)" status="passed"/>
                <test duration="2926" locationUrl="file:///C:/Users/Ahmed/IdeaProjects/MavenSeleniumCucumber/src/main/resources/features/Register_TC2.feature:27" name="user open browser and navigates to register page" status="passed"/>
                <test duration="744" locationUrl="file:///C:/Users/Ahmed/IdeaProjects/MavenSeleniumCucumber/src/main/resources/features/Register_TC2.feature:28" name="User enters valid Registration details" status="passed"/>
                <test duration="50" locationUrl="file:///C:/Users/Ahmed/IdeaProjects/MavenSeleniumCucumber/src/main/resources/features/Register_TC2.feature:29" name="User accepts terms and conditions" status="passed"/>
                <test duration="378" locationUrl="file:///C:/Users/Ahmed/IdeaProjects/MavenSeleniumCucumber/src/main/resources/features/Register_TC2.feature:30" name="User submits the registration form" status="passed"/>
                <test duration="63" locationUrl="file:///C:/Users/Ahmed/IdeaProjects/MavenSeleniumCucumber/src/main/resources/features/Register_TC2.feature:31" name="User should see a success message" status="failed">
                    <output type="stderr">Step failedjava.lang.AssertionError: expected [Your Account Has Been Created!] but found [Register Account]&#13;
	at org.testng.Assert.fail(Assert.java:111)&#13;
	at org.testng.Assert.failNotEquals(Assert.java:1578)&#13;
	at org.testng.Assert.assertEqualsImpl(Assert.java:150)&#13;
	at org.testng.Assert.assertEquals(Assert.java:132)&#13;
	at org.testng.Assert.assertEquals(Assert.java:656)&#13;
	at org.testng.Assert.assertEquals(Assert.java:666)&#13;
	at StepDefinitions.RegistrationStepDefinitions.userShouldSeeASuccessMessage(RegistrationStepDefinitions.java:90)&#13;
	at ✽.User should see a success message(file:///C:/Users/Ahmed/IdeaProjects/MavenSeleniumCucumber/src/main/resources/features/Register_TC2.feature:31)&#13;
</output>
                </test>
                <test duration="151" locationUrl="java:test://StepDefinitions.Hooks/closeBrowser" name="After(closeBrowser)" status="passed"/>
            </suite>
        </suite>
        <suite duration="15899" locationUrl="file:///C:/Users/Ahmed/IdeaProjects/MavenSeleniumCucumber/src/main/resources/features/Search_TC4.feature:1" name="Logged users could search for any product" status="failed">
            <suite duration="5766" locationUrl="file:///C:/Users/Ahmed/IdeaProjects/MavenSeleniumCucumber/src/main/resources/features/Search_TC4.feature:5" name="User search for (existing) product" status="passed">
                <test duration="640" locationUrl="java:test://StepDefinitions.Hooks/openBrowser" name="Before(openBrowser)" status="passed"/>
                <test duration="4030" locationUrl="file:///C:/Users/Ahmed/IdeaProjects/MavenSeleniumCucumber/src/main/resources/features/Search_TC4.feature:6" name="user login" status="passed"/>
                <test duration="159" locationUrl="file:///C:/Users/Ahmed/IdeaProjects/MavenSeleniumCucumber/src/main/resources/features/Search_TC4.feature:7" name="user enters Item in search text" status="passed"/>
                <test duration="737" locationUrl="file:///C:/Users/Ahmed/IdeaProjects/MavenSeleniumCucumber/src/main/resources/features/Search_TC4.feature:8" name="User clicks on search button" status="passed"/>
                <test duration="69" locationUrl="file:///C:/Users/Ahmed/IdeaProjects/MavenSeleniumCucumber/src/main/resources/features/Search_TC4.feature:9" name="product should be displayed in search results" status="passed"/>
                <test duration="131" locationUrl="java:test://StepDefinitions.Hooks/closeBrowser" name="After(closeBrowser)" status="passed"/>
            </suite>
            <suite duration="4965" locationUrl="file:///C:/Users/Ahmed/IdeaProjects/MavenSeleniumCucumber/src/main/resources/features/Search_TC4.feature:13" name="User search for non-existing product" status="failed">
                <test duration="624" locationUrl="java:test://StepDefinitions.Hooks/openBrowser" name="Before(openBrowser)" status="passed"/>
                <test duration="3662" locationUrl="file:///C:/Users/Ahmed/IdeaProjects/MavenSeleniumCucumber/src/main/resources/features/Search_TC4.feature:14" name="user login" status="passed"/>
                <test duration="168" locationUrl="file:///C:/Users/Ahmed/IdeaProjects/MavenSeleniumCucumber/src/main/resources/features/Search_TC4.feature:15" name="user enters non-existing Item in search text" status="passed"/>
                <test duration="367" locationUrl="file:///C:/Users/Ahmed/IdeaProjects/MavenSeleniumCucumber/src/main/resources/features/Search_TC4.feature:16" name="User clicks on search button" status="passed"/>
                <test duration="0" locationUrl="file:///C:/Users/Ahmed/IdeaProjects/MavenSeleniumCucumber/src/main/resources/features/Search_TC4.feature:17" name="Ensure the message (No items match the search criteria) is displayed" status="failed">
                    <output type="stderr">Step failedjava.lang.NullPointerException: Cannot invoke "org.openqa.selenium.support.ui.WebDriverWait.until(java.util.function.Function)" because "this.wait" is null&#13;
	at StepDefinitions.SearchStepDefinitions.ensureTheMessageNoItemsMatchTheSearchCriteriaIsDisplayed(SearchStepDefinitions.java:83)&#13;
	at ✽.Ensure the message (No items match the search criteria) is displayed(file:///C:/Users/Ahmed/IdeaProjects/MavenSeleniumCucumber/src/main/resources/features/Search_TC4.feature:17)&#13;
</output>
                </test>
                <test duration="144" locationUrl="java:test://StepDefinitions.Hooks/closeBrowser" name="After(closeBrowser)" status="passed"/>
            </suite>
            <suite duration="5168" locationUrl="file:///C:/Users/Ahmed/IdeaProjects/MavenSeleniumCucumber/src/main/resources/features/Search_TC4.feature:20" name="Verify that empty search fields provide a proper message" status="passed">
                <test duration="622" locationUrl="java:test://StepDefinitions.Hooks/openBrowser" name="Before(openBrowser)" status="passed"/>
                <test duration="3517" locationUrl="file:///C:/Users/Ahmed/IdeaProjects/MavenSeleniumCucumber/src/main/resources/features/Search_TC4.feature:21" name="user login" status="passed"/>
                <test duration="501" locationUrl="file:///C:/Users/Ahmed/IdeaProjects/MavenSeleniumCucumber/src/main/resources/features/Search_TC4.feature:22" name="user enters empty search text" status="passed"/>
                <test duration="379" locationUrl="file:///C:/Users/Ahmed/IdeaProjects/MavenSeleniumCucumber/src/main/resources/features/Search_TC4.feature:23" name="User clicks on search button" status="passed"/>
                <test duration="0" locationUrl="file:///C:/Users/Ahmed/IdeaProjects/MavenSeleniumCucumber/src/main/resources/features/Search_TC4.feature:24" name="Ensure that appropriate message is displayed" status="passed"/>
                <test duration="149" locationUrl="java:test://StepDefinitions.Hooks/closeBrowser" name="After(closeBrowser)" status="passed"/>
            </suite>
        </suite>
        <suite duration="26987" locationUrl="file:///C:/Users/Ahmed/IdeaProjects/MavenSeleniumCucumber/src/main/resources/features/login_TC1_3.feature:1" name="test Login Functionality" status="passed">
            <suite duration="4532" locationUrl="file:///C:/Users/Ahmed/IdeaProjects/MavenSeleniumCucumber/src/main/resources/features/login_TC1_3.feature:4" name="User logs in with valid credentials" status="passed">
                <test duration="621" locationUrl="java:test://StepDefinitions.Hooks/openBrowser" name="Before(openBrowser)" status="passed"/>
                <test duration="2961" locationUrl="file:///C:/Users/Ahmed/IdeaProjects/MavenSeleniumCucumber/src/main/resources/features/login_TC1_3.feature:6" name="user navigates to login page" status="passed"/>
                <test duration="258" locationUrl="file:///C:/Users/Ahmed/IdeaProjects/MavenSeleniumCucumber/src/main/resources/features/login_TC1_3.feature:7" name="User enters a valid email and password" status="passed"/>
                <test duration="552" locationUrl="file:///C:/Users/Ahmed/IdeaProjects/MavenSeleniumCucumber/src/main/resources/features/login_TC1_3.feature:8" name="User clicks on login button" status="passed"/>
                <test duration="10" locationUrl="file:///C:/Users/Ahmed/IdeaProjects/MavenSeleniumCucumber/src/main/resources/features/login_TC1_3.feature:9" name="User should be logged in successfully" status="passed"/>
                <test duration="130" locationUrl="java:test://StepDefinitions.Hooks/closeBrowser" name="After(closeBrowser)" status="passed"/>
            </suite>
            <suite duration="12394" locationUrl="file:///C:/Users/Ahmed/IdeaProjects/MavenSeleniumCucumber/src/main/resources/features/login_TC1_3.feature:13" name="User logs in with invalid credentials" status="passed">
                <suite duration="12394" locationUrl="file:///C:/Users/Ahmed/IdeaProjects/MavenSeleniumCucumber/src/main/resources/features/login_TC1_3.feature:18" name="Examples" status="passed">
                    <suite duration="4078" locationUrl="file:///C:/Users/Ahmed/IdeaProjects/MavenSeleniumCucumber/src/main/resources/features/login_TC1_3.feature:20" name="Example #1.1" status="passed">
                        <test duration="630" locationUrl="java:test://StepDefinitions.Hooks/openBrowser" name="Before(openBrowser)" status="passed"/>
                        <test duration="2664" locationUrl="file:///C:/Users/Ahmed/IdeaProjects/MavenSeleniumCucumber/src/main/resources/features/login_TC1_3.feature:14" name="user navigates to login page" status="passed"/>
                        <test duration="255" locationUrl="file:///C:/Users/Ahmed/IdeaProjects/MavenSeleniumCucumber/src/main/resources/features/login_TC1_3.feature:15" name="User enters an invalid email and password &quot;h4zala1234&quot; and &quot;inva434lid&quot;" status="passed"/>
                        <test duration="334" locationUrl="file:///C:/Users/Ahmed/IdeaProjects/MavenSeleniumCucumber/src/main/resources/features/login_TC1_3.feature:16" name="User clicks on login button" status="passed"/>
                        <test duration="74" locationUrl="file:///C:/Users/Ahmed/IdeaProjects/MavenSeleniumCucumber/src/main/resources/features/login_TC1_3.feature:17" name="User should see an error Message" status="passed"/>
                        <test duration="121" locationUrl="java:test://StepDefinitions.Hooks/closeBrowser" name="After(closeBrowser)" status="passed"/>
                    </suite>
                    <suite duration="4062" locationUrl="file:///C:/Users/Ahmed/IdeaProjects/MavenSeleniumCucumber/src/main/resources/features/login_TC1_3.feature:21" name="Example #1.2" status="passed">
                        <test duration="618" locationUrl="java:test://StepDefinitions.Hooks/openBrowser" name="Before(openBrowser)" status="passed"/>
                        <test duration="2666" locationUrl="file:///C:/Users/Ahmed/IdeaProjects/MavenSeleniumCucumber/src/main/resources/features/login_TC1_3.feature:14" name="user navigates to login page" status="passed"/>
                        <test duration="248" locationUrl="file:///C:/Users/Ahmed/IdeaProjects/MavenSeleniumCucumber/src/main/resources/features/login_TC1_3.feature:15" name="User enters an invalid email and password &quot;1234&quot; and &quot;inva434lid&quot;" status="passed"/>
                        <test duration="339" locationUrl="file:///C:/Users/Ahmed/IdeaProjects/MavenSeleniumCucumber/src/main/resources/features/login_TC1_3.feature:16" name="User clicks on login button" status="passed"/>
                        <test duration="53" locationUrl="file:///C:/Users/Ahmed/IdeaProjects/MavenSeleniumCucumber/src/main/resources/features/login_TC1_3.feature:17" name="User should see an error Message" status="passed"/>
                        <test duration="138" locationUrl="java:test://StepDefinitions.Hooks/closeBrowser" name="After(closeBrowser)" status="passed"/>
                    </suite>
                    <suite duration="4254" locationUrl="file:///C:/Users/Ahmed/IdeaProjects/MavenSeleniumCucumber/src/main/resources/features/login_TC1_3.feature:22" name="Example #1.3" status="passed">
                        <test duration="621" locationUrl="java:test://StepDefinitions.Hooks/openBrowser" name="Before(openBrowser)" status="passed"/>
                        <test duration="2855" locationUrl="file:///C:/Users/Ahmed/IdeaProjects/MavenSeleniumCucumber/src/main/resources/features/login_TC1_3.feature:14" name="user navigates to login page" status="passed"/>
                        <test duration="247" locationUrl="file:///C:/Users/Ahmed/IdeaProjects/MavenSeleniumCucumber/src/main/resources/features/login_TC1_3.feature:15" name="User enters an invalid email and password &quot;@44@GG.COM&quot; and &quot;222#&quot;" status="passed"/>
                        <test duration="323" locationUrl="file:///C:/Users/Ahmed/IdeaProjects/MavenSeleniumCucumber/src/main/resources/features/login_TC1_3.feature:16" name="User clicks on login button" status="passed"/>
                        <test duration="74" locationUrl="file:///C:/Users/Ahmed/IdeaProjects/MavenSeleniumCucumber/src/main/resources/features/login_TC1_3.feature:17" name="User should see an error Message" status="passed"/>
                        <test duration="134" locationUrl="java:test://StepDefinitions.Hooks/closeBrowser" name="After(closeBrowser)" status="passed"/>
                    </suite>
                </suite>
            </suite>
            <suite duration="5213" locationUrl="file:///C:/Users/Ahmed/IdeaProjects/MavenSeleniumCucumber/src/main/resources/features/login_TC1_3.feature:28" name="User forgot password" status="passed">
                <test duration="617" locationUrl="java:test://StepDefinitions.Hooks/openBrowser" name="Before(openBrowser)" status="passed"/>
                <test duration="3198" locationUrl="file:///C:/Users/Ahmed/IdeaProjects/MavenSeleniumCucumber/src/main/resources/features/login_TC1_3.feature:29" name="user navigates to login page" status="passed"/>
                <test duration="365" locationUrl="file:///C:/Users/Ahmed/IdeaProjects/MavenSeleniumCucumber/src/main/resources/features/login_TC1_3.feature:30" name="User clicks on forgot password" status="passed"/>
                <test duration="0" locationUrl="file:///C:/Users/Ahmed/IdeaProjects/MavenSeleniumCucumber/src/main/resources/features/login_TC1_3.feature:31" name="User should be navigated to forgot password page" status="passed"/>
                <test duration="115" locationUrl="file:///C:/Users/Ahmed/IdeaProjects/MavenSeleniumCucumber/src/main/resources/features/login_TC1_3.feature:32" name="User enters a valid email" status="passed"/>
                <test duration="781" locationUrl="file:///C:/Users/Ahmed/IdeaProjects/MavenSeleniumCucumber/src/main/resources/features/login_TC1_3.feature:33" name="User clicks on continue button" status="passed"/>
                <test duration="0" locationUrl="file:///C:/Users/Ahmed/IdeaProjects/MavenSeleniumCucumber/src/main/resources/features/login_TC1_3.feature:34" name="User should see a confirmation message" status="passed"/>
                <test duration="137" locationUrl="java:test://StepDefinitions.Hooks/closeBrowser" name="After(closeBrowser)" status="passed"/>
            </suite>
            <suite duration="4848" locationUrl="file:///C:/Users/Ahmed/IdeaProjects/MavenSeleniumCucumber/src/main/resources/features/login_TC1_3.feature:37" name="Test the &quot;Logout&quot; functionality" status="passed">
                <test duration="620" locationUrl="java:test://StepDefinitions.Hooks/openBrowser" name="Before(openBrowser)" status="passed"/>
                <test duration="3429" locationUrl="file:///C:/Users/Ahmed/IdeaProjects/MavenSeleniumCucumber/src/main/resources/features/login_TC1_3.feature:38" name="user login" status="passed"/>
                <test duration="606" locationUrl="file:///C:/Users/Ahmed/IdeaProjects/MavenSeleniumCucumber/src/main/resources/features/login_TC1_3.feature:39" name="user clicks on logout button" status="passed"/>
                <test duration="52" locationUrl="file:///C:/Users/Ahmed/IdeaProjects/MavenSeleniumCucumber/src/main/resources/features/login_TC1_3.feature:40" name="user should be logged out" status="passed"/>
                <test duration="141" locationUrl="java:test://StepDefinitions.Hooks/closeBrowser" name="After(closeBrowser)" status="passed"/>
            </suite>
        </suite>
    </suite>
</testrun>
